\BOOKMARK [1][-]{section.1}{T\351ma}{}% 1
\BOOKMARK [1][-]{section.2}{Clenen\355 programu:}{}% 2
\BOOKMARK [2][-]{subsection.2.1}{Intersection2D}{section.2}% 3
\BOOKMARK [2][-]{subsection.2.2}{SwarmSimFramework}{section.2}% 4
\BOOKMARK [2][-]{subsection.2.3}{SwarmSimVisu}{section.2}% 5
\BOOKMARK [2][-]{subsection.2.4}{SimpleNetworking}{section.2}% 6
\BOOKMARK [1][-]{section.3}{SwarnSimFramework:}{}% 7
\BOOKMARK [2][-]{subsection.3.1}{Rozhran\355}{section.3}% 8
\BOOKMARK [2][-]{subsection.3.2}{Tr\355dy:}{section.3}% 9
\BOOKMARK [3][-]{subsubsection.3.2.1}{abstract class Entity}{subsection.3.2}% 10
\BOOKMARK [3][-]{subsubsection.3.2.2}{CircleEntity:}{subsection.3.2}% 11
\BOOKMARK [3][-]{subsubsection.3.2.3}{LineEntity:}{subsection.3.2}% 12
\BOOKMARK [3][-]{subsubsection.3.2.4}{RobotEntity}{subsection.3.2}% 13
\BOOKMARK [3][-]{subsubsection.3.2.5}{Ostatn\355 CircleEntity: }{subsection.3.2}% 14
\BOOKMARK [3][-]{subsubsection.3.2.6}{Pr\355klady robotu:}{subsection.3.2}% 15
\BOOKMARK [2][-]{subsection.3.3}{Experiments:}{section.3}% 16
\BOOKMARK [3][-]{subsubsection.3.3.1}{Jednotliv\351 experimenty:}{subsection.3.3}% 17
\BOOKMARK [2][-]{subsection.3.4}{Map}{section.3}% 18
\BOOKMARK [2][-]{subsection.3.5}{MultiThread}{section.3}% 19
\BOOKMARK [2][-]{subsection.3.6}{RobotBrains}{section.3}% 20
\BOOKMARK [2][-]{subsection.3.7}{Extern\355 knihovny, NuGet}{section.3}% 21
\BOOKMARK [2][-]{subsection.3.8}{Support tr\355dy}{section.3}% 22
