\BOOKMARK [1][-]{section.1}{\332vod}{}% 1
\BOOKMARK [2][-]{subsection.1.1}{SwarmSimFramework}{section.1}% 2
\BOOKMARK [2][-]{subsection.1.2}{Dal\235\355 c\341sti:}{section.1}% 3
\BOOKMARK [1][-]{section.2}{U\236ivatelsk\341 dokumentace}{}% 4
\BOOKMARK [1][-]{section.3}{Po\236adavky}{}% 5
\BOOKMARK [2][-]{subsection.3.1}{Spu\235ten\355}{section.3}% 6
\BOOKMARK [2][-]{subsection.3.2}{V\375stupy:}{section.3}% 7
\BOOKMARK [2][-]{subsection.3.3}{GUI}{section.3}% 8
\BOOKMARK [1][-]{section.4}{Program\341torsk\341 dokumentace}{}% 9
\BOOKMARK [2][-]{subsection.4.1}{\332vod:}{section.4}% 10
\BOOKMARK [2][-]{subsection.4.2}{Hlavn\355 tr\355dy:}{section.4}% 11
\BOOKMARK [2][-]{subsection.4.3}{Map}{section.4}% 12
\BOOKMARK [2][-]{subsection.4.4}{Rozhran\355}{section.4}% 13
\BOOKMARK [2][-]{subsection.4.5}{Efektory a sensory:}{section.4}% 14
\BOOKMARK [3][-]{subsubsection.4.5.1}{Effectors:}{subsection.4.5}% 15
\BOOKMARK [3][-]{subsubsection.4.5.2}{Sensors:}{subsection.4.5}% 16
\BOOKMARK [2][-]{subsection.4.6}{Entity}{section.4}% 17
\BOOKMARK [3][-]{subsubsection.4.6.1}{abstract class Entity}{subsection.4.6}% 18
\BOOKMARK [3][-]{subsubsection.4.6.2}{CircleEntity:}{subsection.4.6}% 19
\BOOKMARK [3][-]{subsubsection.4.6.3}{LineEntity:}{subsection.4.6}% 20
\BOOKMARK [3][-]{subsubsection.4.6.4}{RobotEntity}{subsection.4.6}% 21
\BOOKMARK [3][-]{subsubsection.4.6.5}{Ostatn\355 CircleEntity: }{subsection.4.6}% 22
\BOOKMARK [2][-]{subsection.4.7}{MultiThread}{section.4}% 23
\BOOKMARK [2][-]{subsection.4.8}{RobotBrains}{section.4}% 24
\BOOKMARK [2][-]{subsection.4.9}{Extern\355 knihovny, NuGet}{section.4}% 25
\BOOKMARK [2][-]{subsection.4.10}{Support tr\355dy}{section.4}% 26
\BOOKMARK [1][-]{section.5}{Ostatn\355 projekty:}{}% 27
\BOOKMARK [2][-]{subsection.5.1}{SwarmSimVisu:}{section.5}% 28
\BOOKMARK [2][-]{subsection.5.2}{InterSection2d:}{section.5}% 29
